0 info it worked if it ends with ok
1 verbose cli [ '/usr/bin/nodejs', '/usr/bin/npm', 'start' ]
2 info using npm@3.5.2
3 info using node@v4.2.6
4 verbose run-script [ 'prestart', 'start', 'poststart' ]
5 info lifecycle qanonymous@1.0.0~prestart: qanonymous@1.0.0
6 silly lifecycle qanonymous@1.0.0~prestart: no script for prestart, continuing
7 info lifecycle qanonymous@1.0.0~start: qanonymous@1.0.0
8 verbose lifecycle qanonymous@1.0.0~start: unsafe-perm in lifecycle true
9 verbose lifecycle qanonymous@1.0.0~start: PATH: /usr/share/npm/bin/node-gyp-bin:/mnt/c/Users/luna_koly/Desktop/CODE/node_js/qanonymous/node_modules/.bin:/home/luna_koly/bin:/home/luna_koly/.local/bin:/mnt/c/Users/luna_koly/Desktop/[CODE]/scripts/bash:/usr/local/sbin:/usr/local/bin:/usr/sbin:/usr/bin:/sbin:/bin:/usr/games:/usr/local/games:/mnt/d/External Program Files/ffmpeg/bin:/mnt/c/Program Files/ImageMagick-7.0.9-Q16:/mnt/c/Program Files (x86)/Razer Chroma SDK/bin:/mnt/c/Program Files/Razer Chroma SDK/bin:/mnt/c/ProgramData/Oracle/Java/javapath:/mnt/c/Program Files (x86)/Intel/iCLS Client/:/mnt/c/Program Files/Intel/iCLS Client/:/mnt/c/Windows/system32:/mnt/c/Windows:/mnt/c/Windows/System32/Wbem:/mnt/c/Windows/System32/WindowsPowerShell/v1.0/:/mnt/c/Program Files (x86)/Intel/Intel(R) Management Engine Components/DAL:/mnt/c/Program Files/Intel/Intel(R) Management Engine Components/DAL:/mnt/c/Program Files (x86)/Intel/Intel(R) Management Engine Components/IPT:/mnt/c/Program Files/Intel/Intel(R) Management Engine Components/IPT:/mnt/c/WINDOWS/system32:/mnt/c/WINDOWS:/mnt/c/WINDOWS/System32/Wbem:/mnt/c/WINDOWS/System32/WindowsPowerShell/v1.0/:/mnt/d/MinGW_Nuwen/MinGW/bin:/mnt/d/MinGW/bin:/mnt/d/MinGW/msys/1.0/bin:/mnt/c/Program Files (x86)/GtkSharp/2.12/bin:/mnt/c/Program Files/dotnet/:/mnt/c/WINDOWS/system32/config/systemprofile/AppData/Local/Microsoft/WindowsApps:/mnt/c/WINDOWS/System32/OpenSSH/:/mnt/c/WINDOWS/system32:/mnt/c/WINDOWS:/mnt/c/WINDOWS/System32/Wbem:/mnt/c/WINDOWS/System32/WindowsPowerShell/v1.0/:/mnt/c/WINDOWS/System32/OpenSSH/:/mnt/d/External Program Files/Gradle/bin:/mnt/d/External Program Files/CMake/bin:/mnt/c/Program Files/NVIDIA Corporation/NVIDIA NvDLISR:/mnt/c/Program Files (x86)/NVIDIA Corporation/PhysX/Common:/mnt/d/External Program Files/Git/cmd:/mnt/c/Users/luna_koly/AppData/Local/Programs/Python/Python38/Scripts/:/mnt/c/Users/luna_koly/AppData/Local/Programs/Python/Python38/:/"C:/Users/luna_koly/AppData/Local/Microsoft/WindowsApps:/":/mnt/c/Users/luna_koly/AppData/Local/Microsoft/WindowsApps:/mnt/d/MinGW_Nuwen/MinGW/bin:/mnt/c/Users/luna_koly/AppData/Local/hyper/app-2.0.0/resources/bin:/mnt/d/Intel_FPGA_Lite/18.1/modelsim_ase/win32aloem:/mnt/c/Users/luna_koly/AppData/Local/Programs/Python/Python37-32:/mnt/c/Users/luna_koly/AppData/Local/Microsoft/WindowsApps:/mnt/c/Users/luna_koly/Desktop/CODE/commands:/mnt/d/External Program Files/Microsoft VS Code/bin:/mnt/c/Users/luna_koly/AppData/Local/Programs/Python/Python37-32/Scripts:/mnt/d/intelFPGA_lite/modelsim_ase/win32aloem:/mnt/c/Users/luna_koly/AppData/Local/atom/bin:/mnt/d/ProgramData/Quartus/18.1/modelsim_ase/win32aloem:/mnt/c/Users/luna_koly/AppData/Local/Programs/Microsoft VS Code/bin:/mnt/c/Program Files/heroku/bin:/snap/bin
10 verbose lifecycle qanonymous@1.0.0~start: CWD: /mnt/c/Users/luna_koly/Desktop/CODE/node_js/qanonymous
11 silly lifecycle qanonymous@1.0.0~start: Args: [ '-c', 'nodejs .' ]
12 silly lifecycle qanonymous@1.0.0~start: Returned: code: 1  signal: null
13 info lifecycle qanonymous@1.0.0~start: Failed to exec start script
14 verbose stack Error: qanonymous@1.0.0 start: `nodejs .`
14 verbose stack Exit status 1
14 verbose stack     at EventEmitter.<anonymous> (/usr/share/npm/lib/utils/lifecycle.js:232:16)
14 verbose stack     at emitTwo (events.js:87:13)
14 verbose stack     at EventEmitter.emit (events.js:172:7)
14 verbose stack     at ChildProcess.<anonymous> (/usr/share/npm/lib/utils/spawn.js:24:14)
14 verbose stack     at emitTwo (events.js:87:13)
14 verbose stack     at ChildProcess.emit (events.js:172:7)
14 verbose stack     at maybeClose (internal/child_process.js:821:16)
14 verbose stack     at Process.ChildProcess._handle.onexit (internal/child_process.js:211:5)
15 verbose pkgid qanonymous@1.0.0
16 verbose cwd /mnt/c/Users/luna_koly/Desktop/CODE/node_js/qanonymous
17 error Linux 4.4.0-18362-Microsoft
18 error argv "/usr/bin/nodejs" "/usr/bin/npm" "start"
19 error node v4.2.6
20 error npm  v3.5.2
21 error code ELIFECYCLE
22 error qanonymous@1.0.0 start: `nodejs .`
22 error Exit status 1
23 error Failed at the qanonymous@1.0.0 start script 'nodejs .'.
23 error Make sure you have the latest version of node.js and npm installed.
23 error If you do, this is most likely a problem with the qanonymous package,
23 error not with npm itself.
23 error Tell the author that this fails on your system:
23 error     nodejs .
23 error You can get information on how to open an issue for this project with:
23 error     npm bugs qanonymous
23 error Or if that isn't available, you can get their info via:
23 error     npm owner ls qanonymous
23 error There is likely additional logging output above.
24 verbose exit [ 1, true ]
